<?xml version="1.0" encoding="UTF-8"?>
<!-- Generated by org.testng.reporters.JUnitXMLReporter -->
<testsuite hostname="User-ПК" name="Default test" tests="10" failures="0" timestamp="17 Dec 2015 11:37:17 GMT" time="85.456" errors="0">
  <testcase name="negativeRegistrationTests" time="30.679" classname="ru.ct.auth.tests.RegistrationPositiveTest"/>
  <testcase name="negativeRegistrationTests" time="5.94" classname="ru.ct.auth.tests.RegistrationPositiveTest"/>
  <testcase name="negativeRegistrationTests" time="9.316" classname="ru.ct.auth.tests.RegistrationPositiveTest"/>
  <testcase name="negativeRegistrationTests" time="5.66" classname="ru.ct.auth.tests.RegistrationPositiveTest"/>
  <testcase name="negativeRegistrationTests" time="6.132" classname="ru.ct.auth.tests.RegistrationPositiveTest"/>
  <testcase name="negativeRegistrationTests" time="5.319" classname="ru.ct.auth.tests.RegistrationPositiveTest"/>
  <testcase name="negativeRegistrationTests" time="5.491" classname="ru.ct.auth.tests.RegistrationPositiveTest"/>
  <testcase name="negativeRegistrationTests" time="5.422" classname="ru.ct.auth.tests.RegistrationPositiveTest"/>
  <testcase name="negativeRegistrationTests" time="5.685" classname="ru.ct.auth.tests.RegistrationPositiveTest"/>
  <testcase name="negativeRegistrationTests" time="5.499" classname="ru.ct.auth.tests.RegistrationPositiveTest"/>
</testsuite> <!-- Default test -->
