<?xml version="1.0" encoding="UTF-8"?>
<testng-results skipped="0" failed="0" total="10" passed="10">
  <reporter-output>
  </reporter-output>
  <suite name="Default suite" duration-ms="85456" started-at="2015-12-17T11:35:52Z" finished-at="2015-12-17T11:37:17Z">
    <groups>
      <group name="autorization">
        <method signature="RegistrationPositiveTest.negativeRegistrationTests(ru.ct.objects.User)[pri:0, instance:ru.ct.auth.tests.RegistrationPositiveTest@48140564]" name="negativeRegistrationTests" class="ru.ct.auth.tests.RegistrationPositiveTest"/>
      </group> <!-- autorization -->
    </groups>
    <test name="Default test" duration-ms="85456" started-at="2015-12-17T11:35:52Z" finished-at="2015-12-17T11:37:17Z">
      <class name="ru.ct.auth.tests.RegistrationPositiveTest">
        <test-method status="PASS" signature="setUp()[pri:0, instance:ru.ct.auth.tests.RegistrationPositiveTest@48140564]" name="setUp" is-config="true" duration-ms="38" started-at="2015-12-17T14:35:52Z" finished-at="2015-12-17T14:35:52Z">
          <reporter-output>
          </reporter-output>
        </test-method> <!-- setUp -->
        <test-method status="PASS" signature="negativeRegistrationTests(ru.ct.objects.User)[pri:0, instance:ru.ct.auth.tests.RegistrationPositiveTest@48140564]" name="negativeRegistrationTests" duration-ms="30679" started-at="2015-12-17T14:35:52Z" data-provider="positiveRegistrationDataFromFile" finished-at="2015-12-17T14:36:22Z">
          <params>
            <param index="0">
              <value>
                <![CDATA[User [idAccount=0, name=!Iъч$2s^2aУ@h@pЕ6jРO#&j@РS~^N$N)_K7MФ^4К1, phoneMob=7123061484, email=NtCnJdJtVsk@QjuQZbMtkcA.eu, site=мвнзп.рф, loginName=null, psw=null, type=null, sites=null, startDate=null, endDate=null]]]>
              </value>
            </param>
          </params>
          <reporter-output>
          </reporter-output>
        </test-method> <!-- negativeRegistrationTests -->
        <test-method status="PASS" signature="negativeRegistrationTests(ru.ct.objects.User)[pri:0, instance:ru.ct.auth.tests.RegistrationPositiveTest@48140564]" name="negativeRegistrationTests" duration-ms="5940" started-at="2015-12-17T14:36:22Z" data-provider="positiveRegistrationDataFromFile" finished-at="2015-12-17T14:36:28Z">
          <params>
            <param index="0">
              <value>
                <![CDATA[User [idAccount=0, name=ч8n78IaТ7ЛXЧ80B94h29цОЛ#+Um&1b4O16БмиО38ЁgT3BedОЕ0c4~M2!3b3ЁC2@~01+ы8K^5H6ё#ЖtRМФ^&86q#gUR()AВЮ3-_2$p$XG@^48n78Oт0й&~Н_О5у%йВ+@2hvУz, phoneMob=7123080893, email=NtCnJdJtVsk@bMIPukTgJPqaK.kz, site=южцйкСЁёМКЪЗэЗаюАИЯББъЮ.рф, loginName=null, psw=null, type=null, sites=null, startDate=null, endDate=null]]]>
              </value>
            </param>
          </params>
          <reporter-output>
          </reporter-output>
        </test-method> <!-- negativeRegistrationTests -->
        <test-method status="PASS" signature="negativeRegistrationTests(ru.ct.objects.User)[pri:0, instance:ru.ct.auth.tests.RegistrationPositiveTest@48140564]" name="negativeRegistrationTests" duration-ms="9316" started-at="2015-12-17T14:36:28Z" data-provider="positiveRegistrationDataFromFile" finished-at="2015-12-17T14:36:38Z">
          <params>
            <param index="0">
              <value>
                <![CDATA[User [idAccount=0, name=(@68JьФ_7%=v_2I9ЫJgОQ*uv9ER83ay$0ЦXх!mСMv0жфЬ*bx%ПкX$с8ЫKЛны8&8ZBeм!~4HЫoDЁs6r~ёeW+лчf5*xe7)Rод$1а5аP!aY50@ъ4*6)^=&Zй6Q49aЖк5я5еУ6ЗnT7=, phoneMob=7123044045, email=NtCnJdJtVsk@msolhmazNk.kz, site=ejaFQCLpdF.com, loginName=null, psw=null, type=null, sites=null, startDate=null, endDate=null]]]>
              </value>
            </param>
          </params>
          <reporter-output>
          </reporter-output>
        </test-method> <!-- negativeRegistrationTests -->
        <test-method status="PASS" signature="negativeRegistrationTests(ru.ct.objects.User)[pri:0, instance:ru.ct.auth.tests.RegistrationPositiveTest@48140564]" name="negativeRegistrationTests" duration-ms="5660" started-at="2015-12-17T14:36:38Z" data-provider="positiveRegistrationDataFromFile" finished-at="2015-12-17T14:36:43Z">
          <params>
            <param index="0">
              <value>
                <![CDATA[User [idAccount=0, name=И^85QхQNLQ4$-Kj$3Р#6ЕИ6I5ь93+, phoneMob=7123082718, email=NtCnJdJtVsk@jjHrJuAXUzE.eu, site=COcQqbKecZRLWfxuCjtasDos.ru, loginName=null, psw=null, type=null, sites=null, startDate=null, endDate=null]]]>
              </value>
            </param>
          </params>
          <reporter-output>
          </reporter-output>
        </test-method> <!-- negativeRegistrationTests -->
        <test-method status="PASS" signature="negativeRegistrationTests(ru.ct.objects.User)[pri:0, instance:ru.ct.auth.tests.RegistrationPositiveTest@48140564]" name="negativeRegistrationTests" duration-ms="6132" started-at="2015-12-17T14:36:43Z" data-provider="positiveRegistrationDataFromFile" finished-at="2015-12-17T14:36:50Z">
          <params>
            <param index="0">
              <value>
                <![CDATA[User [idAccount=0, name=тzуS)OЕBvN207к$^qk+8)^~кБT@4Ця)П3мwM#aБ%05pрТн13РOH=$X3И_*eL$+&13(270)O2rM9W^l6q(9B^Ke)-@7M3p_6TГ1kПq78DXIт59(ЁY+ф_~492wп~5~ъly@*P8_Ц$, phoneMob=7123072138, email=NtCnJdJtVsk@cgsnBJOV.net, site=ZdyRBTOIciSDZeog.eu, loginName=null, psw=null, type=null, sites=null, startDate=null, endDate=null]]]>
              </value>
            </param>
          </params>
          <reporter-output>
          </reporter-output>
        </test-method> <!-- negativeRegistrationTests -->
        <test-method status="PASS" signature="negativeRegistrationTests(ru.ct.objects.User)[pri:0, instance:ru.ct.auth.tests.RegistrationPositiveTest@48140564]" name="negativeRegistrationTests" duration-ms="5319" started-at="2015-12-17T14:36:50Z" data-provider="positiveRegistrationDataFromFile" finished-at="2015-12-17T14:36:55Z">
          <params>
            <param index="0">
              <value>
                <![CDATA[User [idAccount=0, name=%П_Pл#E~9RC!#3-+e%@#83_*I2&~67КQ#6(3Vл%, phoneMob=7123015924, email=NtCnJdJtVsk@mIsjOMVXDgL.kz, site=TEcxgUnMoXdBsgoiOqEhbQ.org, loginName=null, psw=null, type=null, sites=null, startDate=null, endDate=null]]]>
              </value>
            </param>
          </params>
          <reporter-output>
          </reporter-output>
        </test-method> <!-- negativeRegistrationTests -->
        <test-method status="PASS" signature="negativeRegistrationTests(ru.ct.objects.User)[pri:0, instance:ru.ct.auth.tests.RegistrationPositiveTest@48140564]" name="negativeRegistrationTests" duration-ms="5491" started-at="2015-12-17T14:36:55Z" data-provider="positiveRegistrationDataFromFile" finished-at="2015-12-17T14:37:00Z">
          <params>
            <param index="0">
              <value>
                <![CDATA[User [idAccount=0, name=ыe1166_3$+*#т^0V871&B-_5r6@Ф*90#=GБf3-*2GC0U(MЧНi#Юа%ХUkД!wрW1xО=4jЖC4e^!е!6Ъж%4))я46Ы4+3#г9_6~n5Бqёo%хjПH76W, phoneMob=7123018723, email=NtCnJdJtVsk@MCbq.kz, site=GkDkkMvkOVEGCx.org, loginName=null, psw=null, type=null, sites=null, startDate=null, endDate=null]]]>
              </value>
            </param>
          </params>
          <reporter-output>
          </reporter-output>
        </test-method> <!-- negativeRegistrationTests -->
        <test-method status="PASS" signature="negativeRegistrationTests(ru.ct.objects.User)[pri:0, instance:ru.ct.auth.tests.RegistrationPositiveTest@48140564]" name="negativeRegistrationTests" duration-ms="5422" started-at="2015-12-17T14:37:00Z" data-provider="positiveRegistrationDataFromFile" finished-at="2015-12-17T14:37:06Z">
          <params>
            <param index="0">
              <value>
                <![CDATA[User [idAccount=0, name=)и-2РM5ьY0*АЫ8tг!rM+~oСё2VУвГBOавEA44т2R3ъМL2$Бтbq+J6!FF%V)@3з~W0ц^77~3142ю_Puu+~BXKV0!ЗW(%=k98л5lпкF35b3x_5^фzТ2Ъ1жVb6=586#(кЭ$9eы7Ч04127с=5R7%-8ФFВGbДИ0Q$е6B#$6&7, phoneMob=7123005133, email=NtCnJdJtVsk@weKjiZAJqBa.ru, site=ЕфЮслЕЮБьтСчжюврчаюСЭ.рф, loginName=null, psw=null, type=null, sites=null, startDate=null, endDate=null]]]>
              </value>
            </param>
          </params>
          <reporter-output>
          </reporter-output>
        </test-method> <!-- negativeRegistrationTests -->
        <test-method status="PASS" signature="negativeRegistrationTests(ru.ct.objects.User)[pri:0, instance:ru.ct.auth.tests.RegistrationPositiveTest@48140564]" name="negativeRegistrationTests" duration-ms="5685" started-at="2015-12-17T14:37:06Z" data-provider="positiveRegistrationDataFromFile" finished-at="2015-12-17T14:37:11Z">
          <params>
            <param index="0">
              <value>
                <![CDATA[User [idAccount=0, name=^21+У6=п6*dy4ч5я(^RзjO)384B)ы07U-N@zЦ)н%Ж)веЁ7Rpuэ3!Д2U+мжjа-Ф$Бw~(Cn1-meq-l1fс0~-Bю~кq82ь7~6mV7&s_к~Mбu9i(3эН2$%р1#о6~(S155Б^a)uIvю9Ёf0й4а+ЦиJ%kПpf4ЬB86Pяl#sy#9Я&Ia@WJ4эqхК3i4$$(_G^(Fdм, phoneMob=7123064439, email=NtCnJdJtVsk@pAsiGgieWDi.kz, site=vrSiyFineOzuQk.eu, loginName=null, psw=null, type=null, sites=null, startDate=null, endDate=null]]]>
              </value>
            </param>
          </params>
          <reporter-output>
          </reporter-output>
        </test-method> <!-- negativeRegistrationTests -->
        <test-method status="PASS" signature="negativeRegistrationTests(ru.ct.objects.User)[pri:0, instance:ru.ct.auth.tests.RegistrationPositiveTest@48140564]" name="negativeRegistrationTests" duration-ms="5499" started-at="2015-12-17T14:37:11Z" data-provider="positiveRegistrationDataFromFile" finished-at="2015-12-17T14:37:17Z">
          <params>
            <param index="0">
              <value>
                <![CDATA[User [idAccount=0, name=1юоZы*zрп1-B6ЦmM*Q!$I2dЧ+AWc=-6у6фЪ_F04н, phoneMob=7123055727, email=NtCnJdJtVsk@meSEuVYEMEUB.com, site=jheLzQoCrXFJLuQQ.com, loginName=null, psw=null, type=null, sites=null, startDate=null, endDate=null]]]>
              </value>
            </param>
          </params>
          <reporter-output>
          </reporter-output>
        </test-method> <!-- negativeRegistrationTests -->
        <test-method status="PASS" signature="tearDown()[pri:0, instance:ru.ct.auth.tests.RegistrationPositiveTest@48140564]" name="tearDown" is-config="true" duration-ms="249" started-at="2015-12-17T14:37:17Z" finished-at="2015-12-17T14:37:17Z">
          <reporter-output>
          </reporter-output>
        </test-method> <!-- tearDown -->
      </class> <!-- ru.ct.auth.tests.RegistrationPositiveTest -->
    </test> <!-- Default test -->
  </suite> <!-- Default suite -->
</testng-results>
